<?xml version="1.0" encoding="UTF-8"?>
<testsuite xmlns:xsi="http://www.w3.org/2001/XMLSchema-instance" xsi:noNamespaceSchemaLocation="https://maven.apache.org/surefire/maven-surefire-plugin/xsd/surefire-test-report.xsd" name="TestAuthorization" time="100.146" tests="14" errors="0" skipped="0" failures="3">
  <properties>
[...]
</properties>
  <testcase name="testAuth_89" classname="TestAuthorization" time="9.232"/>
  <testcase name="testAuth_90" classname="TestAuthorization" time="6.922"/>
  <testcase name="testAuth_91" classname="TestAuthorization" time="4.701">
    <failure message="expected:&lt;+7 (914) 123-11-11[00]&gt; but was:&lt;+7 (914) 123-11-11[]&gt;" type="org.junit.ComparisonFailure"><![CDATA[org.junit.ComparisonFailure: expected:<+7 (914) 123-11-11[00]> but was:<+7 (914) 123-11-11[]>
	at TestAuthorization.testAuth_91(TestAuthorization.java:89)
]]></failure>
    <system-err><![CDATA[Starting ChromeDriver 105.0.5195.52 (412c95e518836d8a7d97250d62b29c2ae6a26a85-refs/branch-heads/5195@{#853}) on port 52345
Only local connections are allowed.
Please see https://chromedriver.chromium.org/security-considerations for suggestions on keeping ChromeDriver safe.
ChromeDriver was started successfully.
сен 19, 2022 9:02:13 AM org.openqa.selenium.remote.ProtocolHandshake createSession
INFO: Detected upstream dialect: W3C
сен 19, 2022 9:02:13 AM org.openqa.selenium.devtools.CdpVersionFinder findNearestMatch
WARNING: Unable to find an exact match for CDP version 105, so returning the closest version found: 104
сен 19, 2022 9:02:13 AM org.openqa.selenium.devtools.CdpVersionFinder findNearestMatch
INFO: Found CDP implementation for version 105 of 104
]]></system-err>
  </testcase>
  <testcase name="testAuth_92" classname="TestAuthorization" time="4.517"/>
  <testcase name="testAuth_93" classname="TestAuthorization" time="4.618"/>
  <testcase name="testAuth_94" classname="TestAuthorization" time="5.788"/>
  <testcase name="testAuth_95" classname="TestAuthorization" time="11.957">
    <failure type="java.lang.AssertionError">java.lang.AssertionError
	at TestAuthorization.testAuth_95(TestAuthorization.java:158)
</failure>
    <system-err><![CDATA[Starting ChromeDriver 105.0.5195.52 (412c95e518836d8a7d97250d62b29c2ae6a26a85-refs/branch-heads/5195@{#853}) on port 54355
Only local connections are allowed.
Please see https://chromedriver.chromium.org/security-considerations for suggestions on keeping ChromeDriver safe.
ChromeDriver was started successfully.
сен 19, 2022 9:02:32 AM org.openqa.selenium.remote.ProtocolHandshake createSession
INFO: Detected upstream dialect: W3C
сен 19, 2022 9:02:32 AM org.openqa.selenium.devtools.CdpVersionFinder findNearestMatch
WARNING: Unable to find an exact match for CDP version 105, so returning the closest version found: 104
сен 19, 2022 9:02:32 AM org.openqa.selenium.devtools.CdpVersionFinder findNearestMatch
INFO: Found CDP implementation for version 105 of 104
]]></system-err>
  </testcase>
  <testcase name="testAuth_96" classname="TestAuthorization" time="9.077">
    <failure message="Values should be different. Actual: Ошибка авторизации" type="java.lang.AssertionError">java.lang.AssertionError: Values should be different. Actual: Ошибка авторизации
	at TestAuthorization.testAuth_96(TestAuthorization.java:171)
</failure>
    <system-err><![CDATA[Starting ChromeDriver 105.0.5195.52 (412c95e518836d8a7d97250d62b29c2ae6a26a85-refs/branch-heads/5195@{#853}) on port 50510
Only local connections are allowed.
Please see https://chromedriver.chromium.org/security-considerations for suggestions on keeping ChromeDriver safe.
ChromeDriver was started successfully.
сен 19, 2022 9:02:44 AM org.openqa.selenium.remote.ProtocolHandshake createSession
INFO: Detected upstream dialect: W3C
сен 19, 2022 9:02:44 AM org.openqa.selenium.devtools.CdpVersionFinder findNearestMatch
WARNING: Unable to find an exact match for CDP version 105, so returning the closest version found: 104
сен 19, 2022 9:02:44 AM org.openqa.selenium.devtools.CdpVersionFinder findNearestMatch
INFO: Found CDP implementation for version 105 of 104
]]></system-err>
  </testcase>
  <testcase name="testAuth_98" classname="TestAuthorization" time="5.825"/>
  <testcase name="testAuth_99" classname="TestAuthorization" time="8.37"/>
  <testcase name="testAuth_100" classname="TestAuthorization" time="5.414"/>
  <testcase name="testAuth_101" classname="TestAuthorization" time="10.977"/>
  <testcase name="testAuth_102" classname="TestAuthorization" time="5.274"/>
  <testcase name="testAuth_103" classname="TestAuthorization" time="7.384"/>
</testsuite>